
2023/06/30 (22:36:27) | ===> btop++ v.1.2.13
2023/06/30 (22:36:27) | WARNING: Error in Mem::collect() : filesystem error: cannot get file time: No such file or directory [/etc/fstab]
2023/06/30 (22:36:28) | WARNING: Error in Mem::collect() : filesystem error: cannot get file time: No such file or directory [/etc/fstab]
2023/06/30 (22:36:29) | WARNING: Error in Mem::collect() : filesystem error: cannot get file time: No such file or directory [/etc/fstab]
2023/06/30 (22:36:30) | WARNING: Error in Mem::collect() : filesystem error: cannot get file time: No such file or directory [/etc/fstab]
2023/06/30 (22:36:31) | WARNING: Error in Mem::collect() : filesystem error: cannot get file time: No such file or directory [/etc/fstab]
2023/06/30 (22:36:32) | WARNING: Error in Mem::collect() : filesystem error: cannot get file time: No such file or directory [/etc/fstab]
2023/06/30 (22:36:33) | WARNING: Error in Mem::collect() : filesystem error: cannot get file time: No such file or directory [/etc/fstab]
2023/06/30 (22:36:34) | WARNING: Error in Mem::collect() : filesystem error: cannot get file time: No such file or directory [/etc/fstab]
2023/06/30 (22:36:35) | WARNING: Error in Mem::collect() : filesystem error: cannot get file time: No such file or directory [/etc/fstab]
2023/06/30 (22:36:36) | WARNING: Error in Mem::collect() : filesystem error: cannot get file time: No such file or directory [/etc/fstab]
2023/06/30 (22:36:38) | WARNING: Error in Mem::collect() : filesystem error: cannot get file time: No such file or directory [/etc/fstab]
2023/06/30 (22:36:39) | WARNING: Error in Mem::collect() : filesystem error: cannot get file time: No such file or directory [/etc/fstab]
2023/06/30 (22:36:40) | WARNING: Error in Mem::collect() : filesystem error: cannot get file time: No such file or directory [/etc/fstab]
2023/06/30 (22:36:41) | WARNING: Error in Mem::collect() : filesystem error: cannot get file time: No such file or directory [/etc/fstab]
2023/06/30 (22:36:42) | WARNING: Error in Mem::collect() : filesystem error: cannot get file time: No such file or directory [/etc/fstab]
2023/06/30 (22:36:43) | WARNING: Error in Mem::collect() : filesystem error: cannot get file time: No such file or directory [/etc/fstab]
2023/06/30 (22:36:44) | WARNING: Error in Mem::collect() : filesystem error: cannot get file time: No such file or directory [/etc/fstab]
2023/06/30 (22:36:45) | WARNING: Error in Mem::collect() : filesystem error: cannot get file time: No such file or directory [/etc/fstab]
2023/06/30 (22:36:46) | WARNING: Error in Mem::collect() : filesystem error: cannot get file time: No such file or directory [/etc/fstab]
2023/06/30 (22:36:47) | WARNING: Error in Mem::collect() : filesystem error: cannot get file time: No such file or directory [/etc/fstab]
2023/06/30 (22:36:49) | WARNING: Error in Mem::collect() : filesystem error: cannot get file time: No such file or directory [/etc/fstab]
2023/06/30 (22:36:50) | WARNING: Error in Mem::collect() : filesystem error: cannot get file time: No such file or directory [/etc/fstab]
2023/06/30 (22:36:51) | WARNING: Error in Mem::collect() : filesystem error: cannot get file time: No such file or directory [/etc/fstab]
2023/06/30 (22:36:52) | WARNING: Error in Mem::collect() : filesystem error: cannot get file time: No such file or directory [/etc/fstab]
2023/06/30 (22:36:53) | WARNING: Error in Mem::collect() : filesystem error: cannot get file time: No such file or directory [/etc/fstab]
2023/06/30 (22:36:54) | WARNING: Error in Mem::collect() : filesystem error: cannot get file time: No such file or directory [/etc/fstab]
2023/06/30 (22:36:55) | WARNING: Error in Mem::collect() : filesystem error: cannot get file time: No such file or directory [/etc/fstab]
2023/06/30 (22:36:56) | WARNING: Error in Mem::collect() : filesystem error: cannot get file time: No such file or directory [/etc/fstab]
2023/06/30 (22:36:57) | WARNING: Error in Mem::collect() : filesystem error: cannot get file time: No such file or directory [/etc/fstab]
2023/06/30 (22:36:58) | WARNING: Error in Mem::collect() : filesystem error: cannot get file time: No such file or directory [/etc/fstab]
2023/06/30 (22:37:00) | WARNING: Error in Mem::collect() : filesystem error: cannot get file time: No such file or directory [/etc/fstab]
2023/06/30 (22:37:01) | WARNING: Error in Mem::collect() : filesystem error: cannot get file time: No such file or directory [/etc/fstab]
2023/06/30 (22:37:02) | WARNING: Error in Mem::collect() : filesystem error: cannot get file time: No such file or directory [/etc/fstab]
2023/06/30 (22:37:03) | WARNING: Error in Mem::collect() : filesystem error: cannot get file time: No such file or directory [/etc/fstab]
2023/06/30 (22:37:04) | WARNING: Error in Mem::collect() : filesystem error: cannot get file time: No such file or directory [/etc/fstab]
2023/06/30 (22:37:05) | WARNING: Error in Mem::collect() : filesystem error: cannot get file time: No such file or directory [/etc/fstab]
2023/06/30 (22:37:06) | WARNING: Error in Mem::collect() : filesystem error: cannot get file time: No such file or directory [/etc/fstab]
2023/06/30 (22:37:07) | WARNING: Error in Mem::collect() : filesystem error: cannot get file time: No such file or directory [/etc/fstab]
2023/06/30 (22:37:08) | WARNING: Error in Mem::collect() : filesystem error: cannot get file time: No such file or directory [/etc/fstab]
2023/06/30 (22:37:09) | WARNING: Error in Mem::collect() : filesystem error: cannot get file time: No such file or directory [/etc/fstab]
2023/06/30 (22:37:11) | WARNING: Error in Mem::collect() : filesystem error: cannot get file time: No such file or directory [/etc/fstab]
2023/06/30 (22:37:12) | WARNING: Error in Mem::collect() : filesystem error: cannot get file time: No such file or directory [/etc/fstab]
2023/06/30 (22:37:13) | WARNING: Error in Mem::collect() : filesystem error: cannot get file time: No such file or directory [/etc/fstab]
2023/06/30 (22:37:14) | WARNING: Error in Mem::collect() : filesystem error: cannot get file time: No such file or directory [/etc/fstab]
2023/06/30 (22:37:15) | WARNING: Error in Mem::collect() : filesystem error: cannot get file time: No such file or directory [/etc/fstab]
2023/06/30 (22:37:16) | WARNING: Error in Mem::collect() : filesystem error: cannot get file time: No such file or directory [/etc/fstab]
2023/06/30 (22:37:17) | WARNING: Error in Mem::collect() : filesystem error: cannot get file time: No such file or directory [/etc/fstab]
2023/06/30 (22:37:18) | WARNING: Error in Mem::collect() : filesystem error: cannot get file time: No such file or directory [/etc/fstab]
2023/06/30 (22:37:19) | WARNING: Error in Mem::collect() : filesystem error: cannot get file time: No such file or directory [/etc/fstab]
2023/06/30 (22:37:20) | WARNING: Error in Mem::collect() : filesystem error: cannot get file time: No such file or directory [/etc/fstab]
2023/06/30 (22:37:22) | WARNING: Error in Mem::collect() : filesystem error: cannot get file time: No such file or directory [/etc/fstab]
2023/06/30 (22:37:23) | WARNING: Error in Mem::collect() : filesystem error: cannot get file time: No such file or directory [/etc/fstab]
2023/06/30 (22:37:24) | WARNING: Error in Mem::collect() : filesystem error: cannot get file time: No such file or directory [/etc/fstab]
2023/06/30 (22:37:25) | WARNING: Error in Mem::collect() : filesystem error: cannot get file time: No such file or directory [/etc/fstab]
2023/06/30 (22:37:26) | WARNING: Error in Mem::collect() : filesystem error: cannot get file time: No such file or directory [/etc/fstab]
2023/06/30 (22:37:27) | WARNING: Error in Mem::collect() : filesystem error: cannot get file time: No such file or directory [/etc/fstab]
2023/06/30 (22:37:28) | WARNING: Error in Mem::collect() : filesystem error: cannot get file time: No such file or directory [/etc/fstab]
2023/06/30 (22:37:29) | WARNING: Error in Mem::collect() : filesystem error: cannot get file time: No such file or directory [/etc/fstab]
2023/06/30 (22:37:31) | WARNING: Error in Mem::collect() : filesystem error: cannot get file time: No such file or directory [/etc/fstab]
2023/06/30 (22:37:32) | WARNING: Error in Mem::collect() : filesystem error: cannot get file time: No such file or directory [/etc/fstab]
2023/06/30 (22:37:33) | WARNING: Error in Mem::collect() : filesystem error: cannot get file time: No such file or directory [/etc/fstab]
2023/06/30 (22:37:34) | WARNING: Error in Mem::collect() : filesystem error: cannot get file time: No such file or directory [/etc/fstab]
2023/06/30 (22:37:35) | WARNING: Error in Mem::collect() : filesystem error: cannot get file time: No such file or directory [/etc/fstab]
2023/06/30 (22:37:36) | WARNING: Error in Mem::collect() : filesystem error: cannot get file time: No such file or directory [/etc/fstab]
2023/06/30 (22:37:37) | WARNING: Error in Mem::collect() : filesystem error: cannot get file time: No such file or directory [/etc/fstab]
2023/06/30 (22:37:38) | WARNING: Error in Mem::collect() : filesystem error: cannot get file time: No such file or directory [/etc/fstab]
2023/06/30 (22:37:39) | WARNING: Error in Mem::collect() : filesystem error: cannot get file time: No such file or directory [/etc/fstab]
2023/06/30 (22:37:40) | WARNING: Error in Mem::collect() : filesystem error: cannot get file time: No such file or directory [/etc/fstab]
2023/06/30 (22:37:42) | WARNING: Error in Mem::collect() : filesystem error: cannot get file time: No such file or directory [/etc/fstab]
2023/06/30 (22:37:43) | WARNING: Error in Mem::collect() : filesystem error: cannot get file time: No such file or directory [/etc/fstab]
2023/06/30 (22:37:44) | WARNING: Error in Mem::collect() : filesystem error: cannot get file time: No such file or directory [/etc/fstab]
2023/06/30 (22:37:45) | WARNING: Error in Mem::collect() : filesystem error: cannot get file time: No such file or directory [/etc/fstab]
2023/06/30 (22:37:46) | WARNING: Error in Mem::collect() : filesystem error: cannot get file time: No such file or directory [/etc/fstab]
2023/06/30 (22:37:47) | WARNING: Error in Mem::collect() : filesystem error: cannot get file time: No such file or directory [/etc/fstab]
2023/06/30 (22:37:48) | WARNING: Error in Mem::collect() : filesystem error: cannot get file time: No such file or directory [/etc/fstab]
2023/06/30 (22:37:49) | WARNING: Error in Mem::collect() : filesystem error: cannot get file time: No such file or directory [/etc/fstab]
2023/06/30 (22:37:50) | WARNING: Error in Mem::collect() : filesystem error: cannot get file time: No such file or directory [/etc/fstab]
2023/06/30 (22:37:51) | WARNING: Error in Mem::collect() : filesystem error: cannot get file time: No such file or directory [/etc/fstab]
2023/06/30 (22:37:53) | WARNING: Error in Mem::collect() : filesystem error: cannot get file time: No such file or directory [/etc/fstab]
2023/06/30 (22:37:54) | WARNING: Error in Mem::collect() : filesystem error: cannot get file time: No such file or directory [/etc/fstab]
2023/06/30 (22:37:55) | WARNING: Error in Mem::collect() : filesystem error: cannot get file time: No such file or directory [/etc/fstab]
2023/06/30 (22:37:56) | WARNING: Error in Mem::collect() : filesystem error: cannot get file time: No such file or directory [/etc/fstab]
2023/06/30 (22:37:57) | WARNING: Error in Mem::collect() : filesystem error: cannot get file time: No such file or directory [/etc/fstab]
2023/06/30 (22:37:58) | WARNING: Error in Mem::collect() : filesystem error: cannot get file time: No such file or directory [/etc/fstab]
2023/06/30 (22:37:59) | WARNING: Error in Mem::collect() : filesystem error: cannot get file time: No such file or directory [/etc/fstab]
2023/06/30 (22:38:00) | WARNING: Error in Mem::collect() : filesystem error: cannot get file time: No such file or directory [/etc/fstab]
2023/06/30 (22:38:01) | WARNING: Error in Mem::collect() : filesystem error: cannot get file time: No such file or directory [/etc/fstab]
2023/06/30 (22:38:02) | WARNING: Error in Mem::collect() : filesystem error: cannot get file time: No such file or directory [/etc/fstab]
2023/06/30 (22:38:04) | WARNING: Error in Mem::collect() : filesystem error: cannot get file time: No such file or directory [/etc/fstab]
2023/06/30 (22:38:05) | WARNING: Error in Mem::collect() : filesystem error: cannot get file time: No such file or directory [/etc/fstab]
2023/06/30 (22:38:06) | WARNING: Error in Mem::collect() : filesystem error: cannot get file time: No such file or directory [/etc/fstab]
2023/06/30 (22:38:07) | WARNING: Error in Mem::collect() : filesystem error: cannot get file time: No such file or directory [/etc/fstab]
2023/06/30 (22:38:08) | WARNING: Error in Mem::collect() : filesystem error: cannot get file time: No such file or directory [/etc/fstab]
2023/06/30 (22:38:09) | WARNING: Error in Mem::collect() : filesystem error: cannot get file time: No such file or directory [/etc/fstab]
2023/06/30 (22:38:10) | WARNING: Error in Mem::collect() : filesystem error: cannot get file time: No such file or directory [/etc/fstab]
2023/06/30 (22:38:11) | WARNING: Error in Mem::collect() : filesystem error: cannot get file time: No such file or directory [/etc/fstab]
2023/06/30 (22:38:12) | WARNING: Error in Mem::collect() : filesystem error: cannot get file time: No such file or directory [/etc/fstab]
2023/06/30 (22:38:13) | WARNING: Error in Mem::collect() : filesystem error: cannot get file time: No such file or directory [/etc/fstab]
2023/06/30 (22:38:15) | WARNING: Error in Mem::collect() : filesystem error: cannot get file time: No such file or directory [/etc/fstab]
2023/06/30 (22:38:16) | WARNING: Error in Mem::collect() : filesystem error: cannot get file time: No such file or directory [/etc/fstab]
2023/06/30 (22:38:17) | WARNING: Error in Mem::collect() : filesystem error: cannot get file time: No such file or directory [/etc/fstab]
2023/06/30 (22:38:18) | WARNING: Error in Mem::collect() : filesystem error: cannot get file time: No such file or directory [/etc/fstab]
2023/06/30 (22:38:19) | WARNING: Error in Mem::collect() : filesystem error: cannot get file time: No such file or directory [/etc/fstab]
2023/06/30 (22:38:20) | WARNING: Error in Mem::collect() : filesystem error: cannot get file time: No such file or directory [/etc/fstab]
2023/06/30 (22:38:21) | WARNING: Error in Mem::collect() : filesystem error: cannot get file time: No such file or directory [/etc/fstab]
2023/06/30 (22:38:22) | WARNING: Error in Mem::collect() : filesystem error: cannot get file time: No such file or directory [/etc/fstab]
2023/06/30 (22:38:23) | WARNING: Error in Mem::collect() : filesystem error: cannot get file time: No such file or directory [/etc/fstab]
2023/06/30 (22:38:24) | WARNING: Error in Mem::collect() : filesystem error: cannot get file time: No such file or directory [/etc/fstab]
2023/06/30 (22:38:26) | WARNING: Error in Mem::collect() : filesystem error: cannot get file time: No such file or directory [/etc/fstab]
2023/06/30 (22:38:27) | WARNING: Error in Mem::collect() : filesystem error: cannot get file time: No such file or directory [/etc/fstab]
2023/06/30 (22:38:28) | WARNING: Error in Mem::collect() : filesystem error: cannot get file time: No such file or directory [/etc/fstab]
2023/06/30 (22:38:29) | WARNING: Error in Mem::collect() : filesystem error: cannot get file time: No such file or directory [/etc/fstab]
2023/06/30 (22:38:30) | WARNING: Error in Mem::collect() : filesystem error: cannot get file time: No such file or directory [/etc/fstab]
2023/06/30 (22:38:31) | WARNING: Error in Mem::collect() : filesystem error: cannot get file time: No such file or directory [/etc/fstab]
2023/06/30 (22:38:32) | WARNING: Error in Mem::collect() : filesystem error: cannot get file time: No such file or directory [/etc/fstab]
2023/06/30 (22:38:33) | WARNING: Error in Mem::collect() : filesystem error: cannot get file time: No such file or directory [/etc/fstab]
2023/06/30 (22:38:34) | WARNING: Error in Mem::collect() : filesystem error: cannot get file time: No such file or directory [/etc/fstab]
2023/06/30 (22:38:35) | WARNING: Error in Mem::collect() : filesystem error: cannot get file time: No such file or directory [/etc/fstab]
2023/06/30 (22:38:37) | WARNING: Error in Mem::collect() : filesystem error: cannot get file time: No such file or directory [/etc/fstab]
2023/06/30 (22:38:38) | WARNING: Error in Mem::collect() : filesystem error: cannot get file time: No such file or directory [/etc/fstab]
2023/06/30 (22:38:39) | WARNING: Error in Mem::collect() : filesystem error: cannot get file time: No such file or directory [/etc/fstab]
2023/06/30 (22:38:40) | WARNING: Error in Mem::collect() : filesystem error: cannot get file time: No such file or directory [/etc/fstab]
2023/06/30 (22:38:41) | WARNING: Error in Mem::collect() : filesystem error: cannot get file time: No such file or directory [/etc/fstab]
2023/06/30 (22:38:42) | WARNING: Error in Mem::collect() : filesystem error: cannot get file time: No such file or directory [/etc/fstab]
2023/06/30 (22:38:43) | WARNING: Error in Mem::collect() : filesystem error: cannot get file time: No such file or directory [/etc/fstab]
2023/06/30 (22:38:44) | WARNING: Error in Mem::collect() : filesystem error: cannot get file time: No such file or directory [/etc/fstab]
2023/06/30 (22:38:45) | WARNING: Error in Mem::collect() : filesystem error: cannot get file time: No such file or directory [/etc/fstab]
2023/06/30 (22:38:46) | WARNING: Error in Mem::collect() : filesystem error: cannot get file time: No such file or directory [/etc/fstab]
2023/06/30 (22:38:48) | WARNING: Error in Mem::collect() : filesystem error: cannot get file time: No such file or directory [/etc/fstab]
2023/06/30 (22:38:49) | WARNING: Error in Mem::collect() : filesystem error: cannot get file time: No such file or directory [/etc/fstab]
2023/06/30 (22:38:50) | WARNING: Error in Mem::collect() : filesystem error: cannot get file time: No such file or directory [/etc/fstab]
2023/06/30 (22:38:51) | WARNING: Error in Mem::collect() : filesystem error: cannot get file time: No such file or directory [/etc/fstab]
2023/06/30 (22:38:52) | WARNING: Error in Mem::collect() : filesystem error: cannot get file time: No such file or directory [/etc/fstab]
2023/06/30 (22:38:53) | WARNING: Error in Mem::collect() : filesystem error: cannot get file time: No such file or directory [/etc/fstab]
2023/06/30 (22:38:54) | WARNING: Error in Mem::collect() : filesystem error: cannot get file time: No such file or directory [/etc/fstab]
2023/06/30 (22:38:55) | WARNING: Error in Mem::collect() : filesystem error: cannot get file time: No such file or directory [/etc/fstab]
2023/06/30 (22:38:56) | WARNING: Error in Mem::collect() : filesystem error: cannot get file time: No such file or directory [/etc/fstab]
2023/06/30 (22:38:57) | WARNING: Error in Mem::collect() : filesystem error: cannot get file time: No such file or directory [/etc/fstab]
2023/06/30 (22:38:59) | WARNING: Error in Mem::collect() : filesystem error: cannot get file time: No such file or directory [/etc/fstab]
2023/06/30 (22:39:00) | WARNING: Error in Mem::collect() : filesystem error: cannot get file time: No such file or directory [/etc/fstab]
2023/06/30 (22:39:01) | WARNING: Error in Mem::collect() : filesystem error: cannot get file time: No such file or directory [/etc/fstab]
2023/06/30 (22:39:02) | WARNING: Error in Mem::collect() : filesystem error: cannot get file time: No such file or directory [/etc/fstab]
2023/06/30 (22:39:03) | WARNING: Error in Mem::collect() : filesystem error: cannot get file time: No such file or directory [/etc/fstab]
2023/06/30 (22:39:04) | WARNING: Error in Mem::collect() : filesystem error: cannot get file time: No such file or directory [/etc/fstab]
2023/06/30 (22:39:05) | WARNING: Error in Mem::collect() : filesystem error: cannot get file time: No such file or directory [/etc/fstab]
2023/06/30 (22:39:06) | WARNING: Error in Mem::collect() : filesystem error: cannot get file time: No such file or directory [/etc/fstab]
2023/06/30 (22:39:08) | WARNING: Error in Mem::collect() : filesystem error: cannot get file time: No such file or directory [/etc/fstab]
2023/06/30 (22:39:08) | WARNING: Error in Mem::collect() : filesystem error: cannot get file time: No such file or directory [/etc/fstab]
2023/06/30 (22:39:10) | WARNING: Error in Mem::collect() : filesystem error: cannot get file time: No such file or directory [/etc/fstab]
2023/06/30 (22:39:11) | WARNING: Error in Mem::collect() : filesystem error: cannot get file time: No such file or directory [/etc/fstab]
2023/06/30 (22:39:12) | WARNING: Error in Mem::collect() : filesystem error: cannot get file time: No such file or directory [/etc/fstab]
2023/06/30 (22:39:13) | WARNING: Error in Mem::collect() : filesystem error: cannot get file time: No such file or directory [/etc/fstab]
2023/06/30 (22:39:14) | WARNING: Error in Mem::collect() : filesystem error: cannot get file time: No such file or directory [/etc/fstab]
2023/06/30 (22:39:15) | WARNING: Error in Mem::collect() : filesystem error: cannot get file time: No such file or directory [/etc/fstab]
2023/06/30 (22:39:16) | WARNING: Error in Mem::collect() : filesystem error: cannot get file time: No such file or directory [/etc/fstab]
2023/06/30 (22:39:17) | WARNING: Error in Mem::collect() : filesystem error: cannot get file time: No such file or directory [/etc/fstab]
2023/06/30 (22:39:18) | WARNING: Error in Mem::collect() : filesystem error: cannot get file time: No such file or directory [/etc/fstab]
2023/06/30 (22:39:20) | WARNING: Error in Mem::collect() : filesystem error: cannot get file time: No such file or directory [/etc/fstab]
2023/06/30 (22:39:21) | WARNING: Error in Mem::collect() : filesystem error: cannot get file time: No such file or directory [/etc/fstab]
2023/06/30 (22:39:22) | WARNING: Error in Mem::collect() : filesystem error: cannot get file time: No such file or directory [/etc/fstab]
2023/06/30 (22:39:23) | WARNING: Error in Mem::collect() : filesystem error: cannot get file time: No such file or directory [/etc/fstab]
2023/06/30 (22:39:24) | WARNING: Error in Mem::collect() : filesystem error: cannot get file time: No such file or directory [/etc/fstab]
2023/06/30 (22:39:25) | WARNING: Error in Mem::collect() : filesystem error: cannot get file time: No such file or directory [/etc/fstab]
2023/06/30 (22:39:26) | WARNING: Error in Mem::collect() : filesystem error: cannot get file time: No such file or directory [/etc/fstab]
2023/06/30 (22:39:27) | WARNING: Error in Mem::collect() : filesystem error: cannot get file time: No such file or directory [/etc/fstab]
2023/06/30 (22:39:28) | WARNING: Error in Mem::collect() : filesystem error: cannot get file time: No such file or directory [/etc/fstab]
2023/06/30 (22:39:29) | WARNING: Error in Mem::collect() : filesystem error: cannot get file time: No such file or directory [/etc/fstab]
2023/06/30 (22:39:31) | WARNING: Error in Mem::collect() : filesystem error: cannot get file time: No such file or directory [/etc/fstab]
2023/06/30 (22:39:32) | WARNING: Error in Mem::collect() : filesystem error: cannot get file time: No such file or directory [/etc/fstab]
2023/06/30 (22:39:33) | WARNING: Error in Mem::collect() : filesystem error: cannot get file time: No such file or directory [/etc/fstab]
2023/06/30 (22:39:34) | WARNING: Error in Mem::collect() : filesystem error: cannot get file time: No such file or directory [/etc/fstab]
2023/06/30 (22:39:35) | WARNING: Error in Mem::collect() : filesystem error: cannot get file time: No such file or directory [/etc/fstab]
2023/06/30 (22:39:36) | WARNING: Error in Mem::collect() : filesystem error: cannot get file time: No such file or directory [/etc/fstab]
2023/06/30 (22:39:37) | WARNING: Error in Mem::collect() : filesystem error: cannot get file time: No such file or directory [/etc/fstab]
2023/06/30 (22:39:38) | WARNING: Error in Mem::collect() : filesystem error: cannot get file time: No such file or directory [/etc/fstab]
2023/06/30 (22:39:39) | WARNING: Error in Mem::collect() : filesystem error: cannot get file time: No such file or directory [/etc/fstab]
2023/06/30 (22:39:40) | WARNING: Error in Mem::collect() : filesystem error: cannot get file time: No such file or directory [/etc/fstab]
2023/06/30 (22:39:42) | WARNING: Error in Mem::collect() : filesystem error: cannot get file time: No such file or directory [/etc/fstab]
2023/06/30 (22:39:43) | WARNING: Error in Mem::collect() : filesystem error: cannot get file time: No such file or directory [/etc/fstab]
2023/06/30 (22:39:44) | WARNING: Error in Mem::collect() : filesystem error: cannot get file time: No such file or directory [/etc/fstab]
2023/06/30 (22:39:45) | WARNING: Error in Mem::collect() : filesystem error: cannot get file time: No such file or directory [/etc/fstab]
2023/06/30 (22:39:46) | WARNING: Error in Mem::collect() : filesystem error: cannot get file time: No such file or directory [/etc/fstab]
2023/06/30 (22:39:47) | WARNING: Error in Mem::collect() : filesystem error: cannot get file time: No such file or directory [/etc/fstab]
2023/06/30 (22:39:48) | WARNING: Error in Mem::collect() : filesystem error: cannot get file time: No such file or directory [/etc/fstab]
2023/06/30 (22:39:49) | WARNING: Error in Mem::collect() : filesystem error: cannot get file time: No such file or directory [/etc/fstab]
2023/06/30 (22:39:50) | WARNING: Error in Mem::collect() : filesystem error: cannot get file time: No such file or directory [/etc/fstab]
2023/06/30 (22:39:51) | WARNING: Error in Mem::collect() : filesystem error: cannot get file time: No such file or directory [/etc/fstab]
2023/06/30 (22:39:53) | WARNING: Error in Mem::collect() : filesystem error: cannot get file time: No such file or directory [/etc/fstab]
2023/06/30 (22:39:54) | WARNING: Error in Mem::collect() : filesystem error: cannot get file time: No such file or directory [/etc/fstab]
2023/06/30 (22:39:55) | WARNING: Error in Mem::collect() : filesystem error: cannot get file time: No such file or directory [/etc/fstab]
2023/06/30 (22:39:56) | WARNING: Error in Mem::collect() : filesystem error: cannot get file time: No such file or directory [/etc/fstab]
2023/06/30 (22:39:57) | WARNING: Error in Mem::collect() : filesystem error: cannot get file time: No such file or directory [/etc/fstab]
2023/06/30 (22:39:58) | WARNING: Error in Mem::collect() : filesystem error: cannot get file time: No such file or directory [/etc/fstab]
2023/06/30 (22:39:59) | WARNING: Error in Mem::collect() : filesystem error: cannot get file time: No such file or directory [/etc/fstab]
2023/06/30 (22:40:00) | WARNING: Error in Mem::collect() : filesystem error: cannot get file time: No such file or directory [/etc/fstab]
2023/06/30 (22:40:01) | WARNING: Error in Mem::collect() : filesystem error: cannot get file time: No such file or directory [/etc/fstab]
2023/06/30 (22:40:02) | WARNING: Error in Mem::collect() : filesystem error: cannot get file time: No such file or directory [/etc/fstab]
2023/06/30 (22:40:04) | WARNING: Error in Mem::collect() : filesystem error: cannot get file time: No such file or directory [/etc/fstab]
2023/06/30 (22:40:05) | WARNING: Error in Mem::collect() : filesystem error: cannot get file time: No such file or directory [/etc/fstab]
2023/06/30 (22:40:06) | WARNING: Error in Mem::collect() : filesystem error: cannot get file time: No such file or directory [/etc/fstab]
2023/06/30 (22:40:07) | WARNING: Failed to get disk/partition stats for mount "/run/user/1000/doc" with statvfs64 error code: 1. Ignoring...

2023/12/07 (13:23:55) | ===> btop++ v.1.2.13
2023/12/07 (13:23:55) | INFO: Logger set to DEBUG

2024/02/11 (16:34:26) | ===> btop++ v.1.3.0
2024/02/11 (16:34:27) | ERROR: Stall in Runner thread, restarting!
